
Started Import Process
# System Details: 
Debug Mode 		: Disabled
Operating System 	: Linux
Software 		: LiteSpeed
MySQL version 		: 10.11.12
XML Reader 		: Yes
PHP Version 		: 8.2.28
PHP Max Input Vars 	: 1000
PHP Max Post Size 	: 250M
PHP Extension GD 	: Yes
PHP Max Execution Time 	: 3000
Max Upload Size 	: 250 MB
Memory Limit 		: Current memory limit 40M. We recommend setting memory to at least 64M.
Timezone 		: 0

-----

Importing Started! - 03:54:50 UTC
---

WHY IMPORT PROCESS CAN FAIL? READ THIS - 
https://wpastra.com/docs/?p=1314&utm_source=demo-import-panel&utm_campaign=import-error&utm_medium=wp-dashboard

---

Started Import Process
# System Details: 
Debug Mode 		: Disabled
Operating System 	: Linux
Software 		: LiteSpeed
MySQL version 		: 10.11.12
XML Reader 		: Yes
PHP Version 		: 8.2.28
PHP Max Input Vars 	: 1000
PHP Max Post Size 	: 250M
PHP Extension GD 	: Yes
PHP Max Execution Time 	: 3000
Max Upload Size 	: 250 MB
Memory Limit 		: Current memory limit 40M. We recommend setting memory to at least 64M.
Timezone 		: 0

-----

Importing Started! - 04:31:17 UTC
---

WHY IMPORT PROCESS CAN FAIL? READ THIS - 
https://wpastra.com/docs/?p=1314&utm_source=demo-import-panel&utm_campaign=import-error&utm_medium=wp-dashboard

---
